<?xml version="1.0" encoding="UTF-8"?>
<!-- Generated by org.testng.reporters.JUnitReportReporter -->
<testsuite hostname="L-INE-JZL4PL3" failures="0" tests="1" name="com.Runner.RunnerClass$CucumberRunnerTests" time="23.138" errors="0" timestamp="2023-09-29T11:54:00 IST" skipped="0">
  <testcase classname="com.Runner.RunnerClass$CucumberRunnerTests" name="runScenario" time="23.138"/>
</testsuite> <!-- com.Runner.RunnerClass$CucumberRunnerTests -->
