<?xml version="1.0" encoding="UTF-8"?>
<!-- Generated by org.testng.reporters.JUnitReportReporter -->
<testsuite hostname="L-INE-5WQCQG3" failures="0" tests="1" name="com.Runner.RunnerClass$CucumberRunnerTests" time="6.672" errors="0" timestamp="2023-09-29T11:36:05 IST" skipped="0">
  <testcase classname="com.Runner.RunnerClass$CucumberRunnerTests" name="runScenario" time="6.672"/>
</testsuite> <!-- com.Runner.RunnerClass$CucumberRunnerTests -->
