<?xml version="1.0" encoding="UTF-8"?>
<!-- Generated by org.testng.reporters.JUnitReportReporter -->
<testsuite hostname="L-INE-5WQCQG3" failures="0" tests="1" name="com.Runner.RunnerClass$CucumberRunnerTests" time="11.284" errors="0" timestamp="2023-09-28T11:21:11 IST" skipped="0">
  <testcase classname="com.Runner.RunnerClass$CucumberRunnerTests" name="runScenario" time="11.284"/>
</testsuite> <!-- com.Runner.RunnerClass$CucumberRunnerTests -->
